2023-05-23 13:29:59,531 DEBUG    root            Loaded Command Group: ['gcloud', 'components']
2023-05-23 13:29:59,535 DEBUG    root            Loaded Command Group: ['gcloud', 'components', 'update']
2023-05-23 13:29:59,537 DEBUG    root            Running [gcloud.components.update] with arguments: [--allow-no-backup: "True", --compile-python: "True", --quiet: "True", COMPONENT-IDS:7: "['core', 'gcloud-deps', 'bq', 'gcloud', 'gcloud-crc32c', 'gsutil', 'anthoscli']"]
2023-05-23 13:29:59,538 INFO     ___FILE_ONLY___ Beginning update. This process may take several minutes.

2023-05-23 13:30:11,565 DEBUG    urllib3.connectionpool Starting new HTTPS connection (1): dl.google.com:443
2023-05-23 13:30:11,652 DEBUG    urllib3.connectionpool https://dl.google.com:443 "GET /dl/cloudsdk/channels/rapid/components-2.json HTTP/1.1" 200 206157
2023-05-23 13:30:11,666 INFO     ___FILE_ONLY___ 

2023-05-23 13:30:11,667 INFO     ___FILE_ONLY___ 
Your current Google Cloud CLI version is: 431.0.0

2023-05-23 13:30:11,667 INFO     ___FILE_ONLY___ Installing components from version: 431.0.0

2023-05-23 13:30:11,667 INFO     ___FILE_ONLY___ 

2023-05-23 13:30:11,667 DEBUG    root            Chosen display Format:table[box,title="These components will be removed."](details.display_name:label=Name:align=left,version.version_string:label=Version:align=right,data.size.size(zero="",min=1048576):label=Size:align=right)
2023-05-23 13:30:11,668 DEBUG    root            Chosen display Format:table[box,title="These components will be updated."](details.display_name:label=Name:align=left,version.version_string:label=Version:align=right,data.size.size(zero="",min=1048576):label=Size:align=right)
2023-05-23 13:30:11,668 DEBUG    root            Chosen display Format:table[box,title="These components will be installed."](details.display_name:label=Name:align=left,version.version_string:label=Version:align=right,data.size.size(zero="",min=1048576):label=Size:align=right)
2023-05-23 13:30:11,674 INFO     ___FILE_ONLY___ ┌─────────────────────────────────────────────────────────────────────────────┐
2023-05-23 13:30:11,674 INFO     ___FILE_ONLY___ 

2023-05-23 13:30:11,674 INFO     ___FILE_ONLY___ │                     These components will be installed.                     │
2023-05-23 13:30:11,674 INFO     ___FILE_ONLY___ 

2023-05-23 13:30:11,674 INFO     ___FILE_ONLY___ ├─────────────────────────────────────────────────────┬────────────┬──────────┤
2023-05-23 13:30:11,674 INFO     ___FILE_ONLY___ 

2023-05-23 13:30:11,674 INFO     ___FILE_ONLY___ │                         Name                        │  Version   │   Size   │
2023-05-23 13:30:11,674 INFO     ___FILE_ONLY___ 

2023-05-23 13:30:11,674 INFO     ___FILE_ONLY___ ├─────────────────────────────────────────────────────┼────────────┼──────────┤
2023-05-23 13:30:11,674 INFO     ___FILE_ONLY___ 

2023-05-23 13:30:11,674 INFO     ___FILE_ONLY___ │ 
2023-05-23 13:30:11,675 INFO     ___FILE_ONLY___ BigQuery Command Line Tool                         
2023-05-23 13:30:11,675 INFO     ___FILE_ONLY___  
2023-05-23 13:30:11,675 INFO     ___FILE_ONLY___ │ 
2023-05-23 13:30:11,675 INFO     ___FILE_ONLY___     2.0.92
2023-05-23 13:30:11,675 INFO     ___FILE_ONLY___  
2023-05-23 13:30:11,675 INFO     ___FILE_ONLY___ │ 
2023-05-23 13:30:11,675 INFO     ___FILE_ONLY___  1.6 MiB
2023-05-23 13:30:11,675 INFO     ___FILE_ONLY___  
2023-05-23 13:30:11,675 INFO     ___FILE_ONLY___ │
2023-05-23 13:30:11,675 INFO     ___FILE_ONLY___ 

2023-05-23 13:30:11,676 INFO     ___FILE_ONLY___ │ 
2023-05-23 13:30:11,676 INFO     ___FILE_ONLY___ BigQuery Command Line Tool (Platform Specific)     
2023-05-23 13:30:11,676 INFO     ___FILE_ONLY___  
2023-05-23 13:30:11,676 INFO     ___FILE_ONLY___ │ 
2023-05-23 13:30:11,676 INFO     ___FILE_ONLY___     2.0.77
2023-05-23 13:30:11,676 INFO     ___FILE_ONLY___  
2023-05-23 13:30:11,676 INFO     ___FILE_ONLY___ │ 
2023-05-23 13:30:11,676 INFO     ___FILE_ONLY___  < 1 MiB
2023-05-23 13:30:11,676 INFO     ___FILE_ONLY___  
2023-05-23 13:30:11,676 INFO     ___FILE_ONLY___ │
2023-05-23 13:30:11,676 INFO     ___FILE_ONLY___ 

2023-05-23 13:30:11,677 INFO     ___FILE_ONLY___ │ 
2023-05-23 13:30:11,677 INFO     ___FILE_ONLY___ Bundled Python 3.9                                 
2023-05-23 13:30:11,677 INFO     ___FILE_ONLY___  
2023-05-23 13:30:11,677 INFO     ___FILE_ONLY___ │ 
2023-05-23 13:30:11,677 INFO     ___FILE_ONLY___     3.9.16
2023-05-23 13:30:11,677 INFO     ___FILE_ONLY___  
2023-05-23 13:30:11,677 INFO     ___FILE_ONLY___ │ 
2023-05-23 13:30:11,677 INFO     ___FILE_ONLY___ 63.5 MiB
2023-05-23 13:30:11,677 INFO     ___FILE_ONLY___  
2023-05-23 13:30:11,677 INFO     ___FILE_ONLY___ │
2023-05-23 13:30:11,678 INFO     ___FILE_ONLY___ 

2023-05-23 13:30:11,678 INFO     ___FILE_ONLY___ │ 
2023-05-23 13:30:11,678 INFO     ___FILE_ONLY___ Cloud Storage Command Line Tool                    
2023-05-23 13:30:11,678 INFO     ___FILE_ONLY___  
2023-05-23 13:30:11,678 INFO     ___FILE_ONLY___ │ 
2023-05-23 13:30:11,678 INFO     ___FILE_ONLY___       5.23
2023-05-23 13:30:11,678 INFO     ___FILE_ONLY___  
2023-05-23 13:30:11,678 INFO     ___FILE_ONLY___ │ 
2023-05-23 13:30:11,678 INFO     ___FILE_ONLY___ 15.5 MiB
2023-05-23 13:30:11,678 INFO     ___FILE_ONLY___  
2023-05-23 13:30:11,678 INFO     ___FILE_ONLY___ │
2023-05-23 13:30:11,679 INFO     ___FILE_ONLY___ 

2023-05-23 13:30:11,679 INFO     ___FILE_ONLY___ │ 
2023-05-23 13:30:11,679 INFO     ___FILE_ONLY___ Cloud Storage Command Line Tool (Platform Specific)
2023-05-23 13:30:11,679 INFO     ___FILE_ONLY___  
2023-05-23 13:30:11,679 INFO     ___FILE_ONLY___ │ 
2023-05-23 13:30:11,679 INFO     ___FILE_ONLY___       5.13
2023-05-23 13:30:11,679 INFO     ___FILE_ONLY___  
2023-05-23 13:30:11,679 INFO     ___FILE_ONLY___ │ 
2023-05-23 13:30:11,679 INFO     ___FILE_ONLY___  < 1 MiB
2023-05-23 13:30:11,679 INFO     ___FILE_ONLY___  
2023-05-23 13:30:11,680 INFO     ___FILE_ONLY___ │
2023-05-23 13:30:11,680 INFO     ___FILE_ONLY___ 

2023-05-23 13:30:11,680 INFO     ___FILE_ONLY___ │ 
2023-05-23 13:30:11,680 INFO     ___FILE_ONLY___ Google Cloud CLI Core Libraries (Platform Specific)
2023-05-23 13:30:11,680 INFO     ___FILE_ONLY___  
2023-05-23 13:30:11,680 INFO     ___FILE_ONLY___ │ 
2023-05-23 13:30:11,680 INFO     ___FILE_ONLY___ 2022.09.20
2023-05-23 13:30:11,680 INFO     ___FILE_ONLY___  
2023-05-23 13:30:11,680 INFO     ___FILE_ONLY___ │ 
2023-05-23 13:30:11,680 INFO     ___FILE_ONLY___  < 1 MiB
2023-05-23 13:30:11,681 INFO     ___FILE_ONLY___  
2023-05-23 13:30:11,681 INFO     ___FILE_ONLY___ │
2023-05-23 13:30:11,681 INFO     ___FILE_ONLY___ 

2023-05-23 13:30:11,681 INFO     ___FILE_ONLY___ │ 
2023-05-23 13:30:11,681 INFO     ___FILE_ONLY___ Google Cloud CRC32C Hash Tool                      
2023-05-23 13:30:11,681 INFO     ___FILE_ONLY___  
2023-05-23 13:30:11,681 INFO     ___FILE_ONLY___ │ 
2023-05-23 13:30:11,681 INFO     ___FILE_ONLY___      1.0.0
2023-05-23 13:30:11,681 INFO     ___FILE_ONLY___  
2023-05-23 13:30:11,681 INFO     ___FILE_ONLY___ │ 
2023-05-23 13:30:11,681 INFO     ___FILE_ONLY___  1.2 MiB
2023-05-23 13:30:11,682 INFO     ___FILE_ONLY___  
2023-05-23 13:30:11,682 INFO     ___FILE_ONLY___ │
2023-05-23 13:30:11,682 INFO     ___FILE_ONLY___ 

2023-05-23 13:30:11,682 INFO     ___FILE_ONLY___ │ 
2023-05-23 13:30:11,682 INFO     ___FILE_ONLY___ anthoscli                                          
2023-05-23 13:30:11,682 INFO     ___FILE_ONLY___  
2023-05-23 13:30:11,682 INFO     ___FILE_ONLY___ │ 
2023-05-23 13:30:11,682 INFO     ___FILE_ONLY___     0.2.36
2023-05-23 13:30:11,682 INFO     ___FILE_ONLY___  
2023-05-23 13:30:11,682 INFO     ___FILE_ONLY___ │ 
2023-05-23 13:30:11,683 INFO     ___FILE_ONLY___ 68.4 MiB
2023-05-23 13:30:11,683 INFO     ___FILE_ONLY___  
2023-05-23 13:30:11,683 INFO     ___FILE_ONLY___ │
2023-05-23 13:30:11,683 INFO     ___FILE_ONLY___ 

2023-05-23 13:30:11,683 INFO     ___FILE_ONLY___ │ 
2023-05-23 13:30:11,683 INFO     ___FILE_ONLY___ gcloud cli dependencies                            
2023-05-23 13:30:11,683 INFO     ___FILE_ONLY___  
2023-05-23 13:30:11,683 INFO     ___FILE_ONLY___ │ 
2023-05-23 13:30:11,683 INFO     ___FILE_ONLY___ 2021.04.16
2023-05-23 13:30:11,683 INFO     ___FILE_ONLY___  
2023-05-23 13:30:11,683 INFO     ___FILE_ONLY___ │ 
2023-05-23 13:30:11,684 INFO     ___FILE_ONLY___  < 1 MiB
2023-05-23 13:30:11,684 INFO     ___FILE_ONLY___  
2023-05-23 13:30:11,684 INFO     ___FILE_ONLY___ │
2023-05-23 13:30:11,684 INFO     ___FILE_ONLY___ 

2023-05-23 13:30:11,684 INFO     ___FILE_ONLY___ └─────────────────────────────────────────────────────┴────────────┴──────────┘
2023-05-23 13:30:11,684 INFO     ___FILE_ONLY___ 

2023-05-23 13:30:11,684 INFO     ___FILE_ONLY___ 

2023-05-23 13:30:11,686 DEBUG    urllib3.connectionpool Starting new HTTPS connection (1): dl.google.com:443
2023-05-23 13:30:11,777 DEBUG    urllib3.connectionpool https://dl.google.com:443 "GET /dl/cloudsdk/channels/rapid/RELEASE_NOTES HTTP/1.1" 200 1000331
2023-05-23 13:30:11,853 INFO     ___FILE_ONLY___ For the latest full release notes, please visit:
  https://cloud.google.com/sdk/release_notes


2023-05-23 13:30:11,855 INFO     ___FILE_ONLY___ ╔════════════════════════════════════════════════════════════╗

2023-05-23 13:30:11,855 INFO     ___FILE_ONLY___ ╠═ Creating update staging area                             ═╣

2023-05-23 13:30:11,855 INFO     ___FILE_ONLY___ ╚
2023-05-23 13:30:11,856 INFO     ___FILE_ONLY___ ══════
2023-05-23 13:30:11,856 INFO     ___FILE_ONLY___ ══════
2023-05-23 13:30:11,856 INFO     ___FILE_ONLY___ ══════
2023-05-23 13:30:11,997 INFO     ___FILE_ONLY___ ═
2023-05-23 13:30:12,039 INFO     ___FILE_ONLY___ ═
2023-05-23 13:30:12,086 INFO     ___FILE_ONLY___ ═
2023-05-23 13:30:12,131 INFO     ___FILE_ONLY___ ═
2023-05-23 13:30:12,177 INFO     ___FILE_ONLY___ ═
2023-05-23 13:30:12,217 INFO     ___FILE_ONLY___ ═
2023-05-23 13:30:12,278 INFO     ___FILE_ONLY___ ═
2023-05-23 13:30:12,411 INFO     ___FILE_ONLY___ ═
2023-05-23 13:30:12,456 INFO     ___FILE_ONLY___ ═
2023-05-23 13:30:12,499 INFO     ___FILE_ONLY___ ═
2023-05-23 13:30:12,547 INFO     ___FILE_ONLY___ ═
2023-05-23 13:30:12,605 INFO     ___FILE_ONLY___ ═
2023-05-23 13:30:12,646 INFO     ___FILE_ONLY___ ═
2023-05-23 13:30:12,683 INFO     ___FILE_ONLY___ ═
2023-05-23 13:30:12,724 INFO     ___FILE_ONLY___ ═
2023-05-23 13:30:12,780 INFO     ___FILE_ONLY___ ═
2023-05-23 13:30:12,833 INFO     ___FILE_ONLY___ ═
2023-05-23 13:30:12,956 INFO     ___FILE_ONLY___ ═
2023-05-23 13:30:13,141 INFO     ___FILE_ONLY___ ═
2023-05-23 13:30:13,165 INFO     ___FILE_ONLY___ ═
2023-05-23 13:30:13,199 INFO     ___FILE_ONLY___ ═
2023-05-23 13:30:13,226 INFO     ___FILE_ONLY___ ═
2023-05-23 13:30:13,265 INFO     ___FILE_ONLY___ ═
2023-05-23 13:30:13,292 INFO     ___FILE_ONLY___ ═
2023-05-23 13:30:13,317 INFO     ___FILE_ONLY___ ═
2023-05-23 13:30:13,367 INFO     ___FILE_ONLY___ ═
2023-05-23 13:30:13,437 INFO     ___FILE_ONLY___ ═
2023-05-23 13:30:13,477 INFO     ___FILE_ONLY___ ═
2023-05-23 13:30:13,533 INFO     ___FILE_ONLY___ ═
2023-05-23 13:30:13,584 INFO     ___FILE_ONLY___ ═
2023-05-23 13:30:13,640 INFO     ___FILE_ONLY___ ═
2023-05-23 13:30:13,682 INFO     ___FILE_ONLY___ ═
2023-05-23 13:30:13,732 INFO     ___FILE_ONLY___ ═
2023-05-23 13:30:13,792 INFO     ___FILE_ONLY___ ═
2023-05-23 13:30:13,842 INFO     ___FILE_ONLY___ ═
2023-05-23 13:30:13,893 INFO     ___FILE_ONLY___ ═
2023-05-23 13:30:13,940 INFO     ___FILE_ONLY___ ═
2023-05-23 13:30:13,994 INFO     ___FILE_ONLY___ ═
2023-05-23 13:30:14,040 INFO     ___FILE_ONLY___ ═
2023-05-23 13:30:14,097 INFO     ___FILE_ONLY___ ═
2023-05-23 13:30:14,144 INFO     ___FILE_ONLY___ ═
2023-05-23 13:30:14,200 INFO     ___FILE_ONLY___ ═
2023-05-23 13:30:14,200 INFO     ___FILE_ONLY___ ╝

2023-05-23 13:30:14,371 INFO     ___FILE_ONLY___ ╔════════════════════════════════════════════════════════════╗

2023-05-23 13:30:14,372 INFO     ___FILE_ONLY___ ╠═ Installing: BigQuery Command Line Tool                   ═╣

2023-05-23 13:30:14,372 INFO     ___FILE_ONLY___ ╚
2023-05-23 13:30:14,374 DEBUG    urllib3.connectionpool Starting new HTTPS connection (1): dl.google.com:443
2023-05-23 13:30:14,466 DEBUG    urllib3.connectionpool https://dl.google.com:443 "GET /dl/cloudsdk/channels/rapid/components/google-cloud-sdk-bq-20230512143556.tar.gz HTTP/1.1" 200 1666086
2023-05-23 13:30:14,531 INFO     ___FILE_ONLY___ ═
2023-05-23 13:30:14,531 INFO     ___FILE_ONLY___ ═
2023-05-23 13:30:14,531 INFO     ___FILE_ONLY___ ═
2023-05-23 13:30:14,531 INFO     ___FILE_ONLY___ ═
2023-05-23 13:30:14,531 INFO     ___FILE_ONLY___ ═
2023-05-23 13:30:14,531 INFO     ___FILE_ONLY___ ═
2023-05-23 13:30:14,532 INFO     ___FILE_ONLY___ ═
2023-05-23 13:30:14,532 INFO     ___FILE_ONLY___ ═
2023-05-23 13:30:14,532 INFO     ___FILE_ONLY___ ═
2023-05-23 13:30:14,532 INFO     ___FILE_ONLY___ ═
2023-05-23 13:30:14,532 INFO     ___FILE_ONLY___ ═
2023-05-23 13:30:14,532 INFO     ___FILE_ONLY___ ═
2023-05-23 13:30:14,532 INFO     ___FILE_ONLY___ ═
2023-05-23 13:30:14,533 INFO     ___FILE_ONLY___ ═
2023-05-23 13:30:14,533 INFO     ___FILE_ONLY___ ═
2023-05-23 13:30:14,533 INFO     ___FILE_ONLY___ ═
2023-05-23 13:30:14,533 INFO     ___FILE_ONLY___ ═
2023-05-23 13:30:14,533 INFO     ___FILE_ONLY___ ═
2023-05-23 13:30:14,533 INFO     ___FILE_ONLY___ ═
2023-05-23 13:30:14,533 INFO     ___FILE_ONLY___ ═
2023-05-23 13:30:14,534 INFO     ___FILE_ONLY___ ═
2023-05-23 13:30:14,534 INFO     ___FILE_ONLY___ ═
2023-05-23 13:30:14,534 INFO     ___FILE_ONLY___ ═
2023-05-23 13:30:14,534 INFO     ___FILE_ONLY___ ═
2023-05-23 13:30:14,534 INFO     ___FILE_ONLY___ ═
2023-05-23 13:30:14,534 INFO     ___FILE_ONLY___ ═
2023-05-23 13:30:14,534 INFO     ___FILE_ONLY___ ═
2023-05-23 13:30:14,535 INFO     ___FILE_ONLY___ ═
2023-05-23 13:30:14,535 INFO     ___FILE_ONLY___ ═
2023-05-23 13:30:14,535 INFO     ___FILE_ONLY___ ═
2023-05-23 13:30:14,643 INFO     ___FILE_ONLY___ ═
2023-05-23 13:30:14,648 INFO     ___FILE_ONLY___ ═
2023-05-23 13:30:14,652 INFO     ___FILE_ONLY___ ═
2023-05-23 13:30:14,658 INFO     ___FILE_ONLY___ ═
2023-05-23 13:30:14,661 INFO     ___FILE_ONLY___ ═
2023-05-23 13:30:14,664 INFO     ___FILE_ONLY___ ═
2023-05-23 13:30:14,668 INFO     ___FILE_ONLY___ ═
2023-05-23 13:30:14,671 INFO     ___FILE_ONLY___ ═
2023-05-23 13:30:14,674 INFO     ___FILE_ONLY___ ═
2023-05-23 13:30:14,677 INFO     ___FILE_ONLY___ ═
2023-05-23 13:30:14,681 INFO     ___FILE_ONLY___ ═
2023-05-23 13:30:14,686 INFO     ___FILE_ONLY___ ═
2023-05-23 13:30:14,692 INFO     ___FILE_ONLY___ ═
2023-05-23 13:30:14,695 INFO     ___FILE_ONLY___ ═
2023-05-23 13:30:14,699 INFO     ___FILE_ONLY___ ═
2023-05-23 13:30:14,703 INFO     ___FILE_ONLY___ ═
2023-05-23 13:30:14,705 INFO     ___FILE_ONLY___ ═
2023-05-23 13:30:14,709 INFO     ___FILE_ONLY___ ═
2023-05-23 13:30:14,712 INFO     ___FILE_ONLY___ ═
2023-05-23 13:30:14,717 INFO     ___FILE_ONLY___ ═
2023-05-23 13:30:14,720 INFO     ___FILE_ONLY___ ═
2023-05-23 13:30:14,723 INFO     ___FILE_ONLY___ ═
2023-05-23 13:30:14,727 INFO     ___FILE_ONLY___ ═
2023-05-23 13:30:14,730 INFO     ___FILE_ONLY___ ═
2023-05-23 13:30:14,733 INFO     ___FILE_ONLY___ ═
2023-05-23 13:30:14,737 INFO     ___FILE_ONLY___ ═
2023-05-23 13:30:14,740 INFO     ___FILE_ONLY___ ═
2023-05-23 13:30:14,746 INFO     ___FILE_ONLY___ ═
2023-05-23 13:30:14,749 INFO     ___FILE_ONLY___ ═
2023-05-23 13:30:14,752 INFO     ___FILE_ONLY___ ═
2023-05-23 13:30:14,753 INFO     ___FILE_ONLY___ ╝

2023-05-23 13:30:14,765 INFO     ___FILE_ONLY___ ╔════════════════════════════════════════════════════════════╗

2023-05-23 13:30:14,765 INFO     ___FILE_ONLY___ ╠═ Installing: BigQuery Command Line Tool (Platform Spec... ═╣

2023-05-23 13:30:14,765 INFO     ___FILE_ONLY___ ╚
2023-05-23 13:30:14,767 DEBUG    urllib3.connectionpool Starting new HTTPS connection (1): dl.google.com:443
2023-05-23 13:30:14,851 DEBUG    urllib3.connectionpool https://dl.google.com:443 "GET /dl/cloudsdk/channels/rapid/components/google-cloud-sdk-bq-nix-20220920185015.tar.gz HTTP/1.1" 200 1837
2023-05-23 13:30:14,852 INFO     ___FILE_ONLY___ ══════════════════════════════
2023-05-23 13:30:14,853 INFO     ___FILE_ONLY___ ══════════════════════════════
2023-05-23 13:30:14,853 INFO     ___FILE_ONLY___ ╝

2023-05-23 13:30:14,860 INFO     ___FILE_ONLY___ ╔════════════════════════════════════════════════════════════╗

2023-05-23 13:30:14,860 INFO     ___FILE_ONLY___ ╠═ Installing: Bundled Python 3.9                           ═╣

2023-05-23 13:30:14,860 INFO     ___FILE_ONLY___ ╚
2023-05-23 13:30:14,862 DEBUG    urllib3.connectionpool Starting new HTTPS connection (1): dl.google.com:443
2023-05-23 13:30:14,951 DEBUG    urllib3.connectionpool https://dl.google.com:443 "GET /dl/cloudsdk/channels/rapid/components/google-cloud-sdk-bundled-python3-unix-linux-x86_64-20230428152336.tar.gz HTTP/1.1" 200 66615539
2023-05-23 13:30:15,447 INFO     ___FILE_ONLY___ ═
2023-05-23 13:30:15,450 INFO     ___FILE_ONLY___ ═
2023-05-23 13:30:15,452 INFO     ___FILE_ONLY___ ═
2023-05-23 13:30:15,455 INFO     ___FILE_ONLY___ ═
2023-05-23 13:30:15,457 INFO     ___FILE_ONLY___ ═
2023-05-23 13:30:15,460 INFO     ___FILE_ONLY___ ═
2023-05-23 13:30:15,463 INFO     ___FILE_ONLY___ ═
2023-05-23 13:30:15,465 INFO     ___FILE_ONLY___ ═
2023-05-23 13:30:15,468 INFO     ___FILE_ONLY___ ═
2023-05-23 13:30:15,470 INFO     ___FILE_ONLY___ ═
2023-05-23 13:30:15,473 INFO     ___FILE_ONLY___ ═
2023-05-23 13:30:15,475 INFO     ___FILE_ONLY___ ═
2023-05-23 13:30:15,478 INFO     ___FILE_ONLY___ ═
2023-05-23 13:30:15,481 INFO     ___FILE_ONLY___ ═
2023-05-23 13:30:15,483 INFO     ___FILE_ONLY___ ═
2023-05-23 13:30:15,486 INFO     ___FILE_ONLY___ ═
2023-05-23 13:30:15,488 INFO     ___FILE_ONLY___ ═
2023-05-23 13:30:15,491 INFO     ___FILE_ONLY___ ═
2023-05-23 13:30:15,493 INFO     ___FILE_ONLY___ ═
2023-05-23 13:30:15,496 INFO     ___FILE_ONLY___ ═
2023-05-23 13:30:15,498 INFO     ___FILE_ONLY___ ═
2023-05-23 13:30:15,501 INFO     ___FILE_ONLY___ ═
2023-05-23 13:30:15,504 INFO     ___FILE_ONLY___ ═
2023-05-23 13:30:15,506 INFO     ___FILE_ONLY___ ═
2023-05-23 13:30:15,509 INFO     ___FILE_ONLY___ ═
2023-05-23 13:30:15,512 INFO     ___FILE_ONLY___ ═
2023-05-23 13:30:15,515 INFO     ___FILE_ONLY___ ═
2023-05-23 13:30:15,517 INFO     ___FILE_ONLY___ ═
2023-05-23 13:30:15,520 INFO     ___FILE_ONLY___ ═
2023-05-23 13:30:15,523 INFO     ___FILE_ONLY___ ═
2023-05-23 13:30:17,247 INFO     ___FILE_ONLY___ ═
2023-05-23 13:30:17,259 INFO     ___FILE_ONLY___ ═
2023-05-23 13:30:17,273 INFO     ___FILE_ONLY___ ═
2023-05-23 13:30:17,285 INFO     ___FILE_ONLY___ ═
2023-05-23 13:30:17,297 INFO     ___FILE_ONLY___ ═
2023-05-23 13:30:17,313 INFO     ___FILE_ONLY___ ═
2023-05-23 13:30:17,328 INFO     ___FILE_ONLY___ ═
2023-05-23 13:30:17,347 INFO     ___FILE_ONLY___ ═
2023-05-23 13:30:17,362 INFO     ___FILE_ONLY___ ═
2023-05-23 13:30:17,374 INFO     ___FILE_ONLY___ ═
2023-05-23 13:30:17,391 INFO     ___FILE_ONLY___ ═
2023-05-23 13:30:17,410 INFO     ___FILE_ONLY___ ═
2023-05-23 13:30:17,520 INFO     ___FILE_ONLY___ ═
2023-05-23 13:30:17,533 INFO     ___FILE_ONLY___ ═
2023-05-23 13:30:17,621 INFO     ___FILE_ONLY___ ═
2023-05-23 13:30:17,631 INFO     ___FILE_ONLY___ ═
2023-05-23 13:30:17,652 INFO     ___FILE_ONLY___ ═
2023-05-23 13:30:17,670 INFO     ___FILE_ONLY___ ═
2023-05-23 13:30:17,687 INFO     ___FILE_ONLY___ ═
2023-05-23 13:30:17,719 INFO     ___FILE_ONLY___ ═
2023-05-23 13:30:17,732 INFO     ___FILE_ONLY___ ═
2023-05-23 13:30:17,744 INFO     ___FILE_ONLY___ ═
2023-05-23 13:30:17,759 INFO     ___FILE_ONLY___ ═
2023-05-23 13:30:17,775 INFO     ___FILE_ONLY___ ═
2023-05-23 13:30:17,793 INFO     ___FILE_ONLY___ ═
2023-05-23 13:30:17,810 INFO     ___FILE_ONLY___ ═
2023-05-23 13:30:18,384 INFO     ___FILE_ONLY___ ═
2023-05-23 13:30:18,647 INFO     ___FILE_ONLY___ ═
2023-05-23 13:30:18,657 INFO     ___FILE_ONLY___ ═
2023-05-23 13:30:18,668 INFO     ___FILE_ONLY___ ═
2023-05-23 13:30:18,668 INFO     ___FILE_ONLY___ ╝

2023-05-23 13:30:18,713 INFO     ___FILE_ONLY___ ╔════════════════════════════════════════════════════════════╗

2023-05-23 13:30:18,713 INFO     ___FILE_ONLY___ ╠═ Installing: Bundled Python 3.9                           ═╣

2023-05-23 13:30:18,713 INFO     ___FILE_ONLY___ ╚
2023-05-23 13:30:18,717 INFO     ___FILE_ONLY___ ════════════════════════════════════════════════════════════
2023-05-23 13:30:18,717 INFO     ___FILE_ONLY___ ╝

2023-05-23 13:30:18,718 INFO     ___FILE_ONLY___ ╔════════════════════════════════════════════════════════════╗

2023-05-23 13:30:18,718 INFO     ___FILE_ONLY___ ╠═ Installing: Cloud Storage Command Line Tool              ═╣

2023-05-23 13:30:18,718 INFO     ___FILE_ONLY___ ╚
2023-05-23 13:30:18,720 DEBUG    urllib3.connectionpool Starting new HTTPS connection (1): dl.google.com:443
2023-05-23 13:30:18,813 DEBUG    urllib3.connectionpool https://dl.google.com:443 "GET /dl/cloudsdk/channels/rapid/components/google-cloud-sdk-gsutil-20230417163046.tar.gz HTTP/1.1" 200 16302836
2023-05-23 13:30:18,977 INFO     ___FILE_ONLY___ ═
2023-05-23 13:30:18,978 INFO     ___FILE_ONLY___ ═
2023-05-23 13:30:18,979 INFO     ___FILE_ONLY___ ═
2023-05-23 13:30:18,979 INFO     ___FILE_ONLY___ ═
2023-05-23 13:30:18,980 INFO     ___FILE_ONLY___ ═
2023-05-23 13:30:18,981 INFO     ___FILE_ONLY___ ═
2023-05-23 13:30:18,981 INFO     ___FILE_ONLY___ ═
2023-05-23 13:30:18,982 INFO     ___FILE_ONLY___ ═
2023-05-23 13:30:18,983 INFO     ___FILE_ONLY___ ═
2023-05-23 13:30:18,983 INFO     ___FILE_ONLY___ ═
2023-05-23 13:30:18,984 INFO     ___FILE_ONLY___ ═
2023-05-23 13:30:18,985 INFO     ___FILE_ONLY___ ═
2023-05-23 13:30:18,985 INFO     ___FILE_ONLY___ ═
2023-05-23 13:30:18,986 INFO     ___FILE_ONLY___ ═
2023-05-23 13:30:18,987 INFO     ___FILE_ONLY___ ═
2023-05-23 13:30:18,987 INFO     ___FILE_ONLY___ ═
2023-05-23 13:30:18,988 INFO     ___FILE_ONLY___ ═
2023-05-23 13:30:18,989 INFO     ___FILE_ONLY___ ═
2023-05-23 13:30:18,990 INFO     ___FILE_ONLY___ ═
2023-05-23 13:30:18,990 INFO     ___FILE_ONLY___ ═
2023-05-23 13:30:18,991 INFO     ___FILE_ONLY___ ═
2023-05-23 13:30:18,992 INFO     ___FILE_ONLY___ ═
2023-05-23 13:30:18,992 INFO     ___FILE_ONLY___ ═
2023-05-23 13:30:18,993 INFO     ___FILE_ONLY___ ═
2023-05-23 13:30:18,994 INFO     ___FILE_ONLY___ ═
2023-05-23 13:30:18,994 INFO     ___FILE_ONLY___ ═
2023-05-23 13:30:18,995 INFO     ___FILE_ONLY___ ═
2023-05-23 13:30:18,996 INFO     ___FILE_ONLY___ ═
2023-05-23 13:30:18,997 INFO     ___FILE_ONLY___ ═
2023-05-23 13:30:18,997 INFO     ___FILE_ONLY___ ═
2023-05-23 13:30:20,082 INFO     ___FILE_ONLY___ ═
2023-05-23 13:30:20,122 INFO     ___FILE_ONLY___ ═
2023-05-23 13:30:20,156 INFO     ___FILE_ONLY___ ═
2023-05-23 13:30:20,187 INFO     ___FILE_ONLY___ ═
2023-05-23 13:30:20,227 INFO     ___FILE_ONLY___ ═
2023-05-23 13:30:20,276 INFO     ___FILE_ONLY___ ═
2023-05-23 13:30:20,316 INFO     ___FILE_ONLY___ ═
2023-05-23 13:30:20,354 INFO     ___FILE_ONLY___ ═
2023-05-23 13:30:20,390 INFO     ___FILE_ONLY___ ═
2023-05-23 13:30:20,435 INFO     ___FILE_ONLY___ ═
2023-05-23 13:30:20,474 INFO     ___FILE_ONLY___ ═
2023-05-23 13:30:20,510 INFO     ___FILE_ONLY___ ═
2023-05-23 13:30:20,553 INFO     ___FILE_ONLY___ ═
2023-05-23 13:30:20,603 INFO     ___FILE_ONLY___ ═
2023-05-23 13:30:20,647 INFO     ___FILE_ONLY___ ═
2023-05-23 13:30:20,679 INFO     ___FILE_ONLY___ ═
2023-05-23 13:30:20,737 INFO     ___FILE_ONLY___ ═
2023-05-23 13:30:20,777 INFO     ___FILE_ONLY___ ═
2023-05-23 13:30:20,811 INFO     ___FILE_ONLY___ ═
2023-05-23 13:30:20,848 INFO     ___FILE_ONLY___ ═
2023-05-23 13:30:20,886 INFO     ___FILE_ONLY___ ═
2023-05-23 13:30:20,922 INFO     ___FILE_ONLY___ ═
2023-05-23 13:30:20,965 INFO     ___FILE_ONLY___ ═
2023-05-23 13:30:21,002 INFO     ___FILE_ONLY___ ═
2023-05-23 13:30:21,044 INFO     ___FILE_ONLY___ ═
2023-05-23 13:30:21,087 INFO     ___FILE_ONLY___ ═
2023-05-23 13:30:21,122 INFO     ___FILE_ONLY___ ═
2023-05-23 13:30:21,153 INFO     ___FILE_ONLY___ ═
2023-05-23 13:30:21,186 INFO     ___FILE_ONLY___ ═
2023-05-23 13:30:21,233 INFO     ___FILE_ONLY___ ═
2023-05-23 13:30:21,234 INFO     ___FILE_ONLY___ ╝

2023-05-23 13:30:21,311 INFO     ___FILE_ONLY___ ╔════════════════════════════════════════════════════════════╗

2023-05-23 13:30:21,311 INFO     ___FILE_ONLY___ ╠═ Installing: Cloud Storage Command Line Tool (Platform... ═╣

2023-05-23 13:30:21,312 INFO     ___FILE_ONLY___ ╚
2023-05-23 13:30:21,314 DEBUG    urllib3.connectionpool Starting new HTTPS connection (1): dl.google.com:443
2023-05-23 13:30:21,340 DEBUG    urllib3.connectionpool https://dl.google.com:443 "GET /dl/cloudsdk/channels/rapid/components/google-cloud-sdk-gsutil-nix-20220920185015.tar.gz HTTP/1.1" 200 1851
2023-05-23 13:30:21,341 INFO     ___FILE_ONLY___ ══════════════════════════════
2023-05-23 13:30:21,341 INFO     ___FILE_ONLY___ ══════════════════════════════
2023-05-23 13:30:21,342 INFO     ___FILE_ONLY___ ╝

2023-05-23 13:30:21,348 INFO     ___FILE_ONLY___ ╔════════════════════════════════════════════════════════════╗

2023-05-23 13:30:21,349 INFO     ___FILE_ONLY___ ╠═ Installing: Default set of gcloud commands               ═╣

2023-05-23 13:30:21,349 INFO     ___FILE_ONLY___ ╚
2023-05-23 13:30:21,352 INFO     ___FILE_ONLY___ ════════════════════════════════════════════════════════════
2023-05-23 13:30:21,352 INFO     ___FILE_ONLY___ ╝

2023-05-23 13:30:21,354 INFO     ___FILE_ONLY___ ╔════════════════════════════════════════════════════════════╗

2023-05-23 13:30:21,354 INFO     ___FILE_ONLY___ ╠═ Installing: Google Cloud CLI Core Libraries (Platform... ═╣

2023-05-23 13:30:21,354 INFO     ___FILE_ONLY___ ╚
2023-05-23 13:30:21,356 DEBUG    urllib3.connectionpool Starting new HTTPS connection (1): dl.google.com:443
2023-05-23 13:30:21,440 DEBUG    urllib3.connectionpool https://dl.google.com:443 "GET /dl/cloudsdk/channels/rapid/components/google-cloud-sdk-core-nix-20220920185015.tar.gz HTTP/1.1" 200 2221
2023-05-23 13:30:21,441 INFO     ___FILE_ONLY___ ══════════════════════════════
2023-05-23 13:30:21,442 INFO     ___FILE_ONLY___ ═══════════════
2023-05-23 13:30:21,442 INFO     ___FILE_ONLY___ ═══════════════
2023-05-23 13:30:21,442 INFO     ___FILE_ONLY___ ╝

2023-05-23 13:30:21,449 INFO     ___FILE_ONLY___ ╔════════════════════════════════════════════════════════════╗

2023-05-23 13:30:21,449 INFO     ___FILE_ONLY___ ╠═ Installing: Google Cloud CRC32C Hash Tool                ═╣

2023-05-23 13:30:21,449 INFO     ___FILE_ONLY___ ╚
2023-05-23 13:30:21,481 INFO     ___FILE_ONLY___ ════════════════════════════════════════════════════════════
2023-05-23 13:30:21,481 INFO     ___FILE_ONLY___ ╝

2023-05-23 13:30:21,482 INFO     ___FILE_ONLY___ ╔════════════════════════════════════════════════════════════╗

2023-05-23 13:30:21,483 INFO     ___FILE_ONLY___ ╠═ Installing: Google Cloud CRC32C Hash Tool                ═╣

2023-05-23 13:30:21,483 INFO     ___FILE_ONLY___ ╚
2023-05-23 13:30:21,484 DEBUG    urllib3.connectionpool Starting new HTTPS connection (1): dl.google.com:443
2023-05-23 13:30:21,575 DEBUG    urllib3.connectionpool https://dl.google.com:443 "GET /dl/cloudsdk/channels/rapid/components/google-cloud-sdk-gcloud-crc32c-linux-x86_64-20230425182028.tar.gz HTTP/1.1" 200 1269461
2023-05-23 13:30:21,634 INFO     ___FILE_ONLY___ ═
2023-05-23 13:30:21,635 INFO     ___FILE_ONLY___ ═
2023-05-23 13:30:21,635 INFO     ___FILE_ONLY___ ═
2023-05-23 13:30:21,635 INFO     ___FILE_ONLY___ ═
2023-05-23 13:30:21,635 INFO     ___FILE_ONLY___ ═
2023-05-23 13:30:21,635 INFO     ___FILE_ONLY___ ═
2023-05-23 13:30:21,635 INFO     ___FILE_ONLY___ ═
2023-05-23 13:30:21,635 INFO     ___FILE_ONLY___ ═
2023-05-23 13:30:21,635 INFO     ___FILE_ONLY___ ═
2023-05-23 13:30:21,636 INFO     ___FILE_ONLY___ ═
2023-05-23 13:30:21,636 INFO     ___FILE_ONLY___ ═
2023-05-23 13:30:21,636 INFO     ___FILE_ONLY___ ═
2023-05-23 13:30:21,636 INFO     ___FILE_ONLY___ ═
2023-05-23 13:30:21,636 INFO     ___FILE_ONLY___ ═
2023-05-23 13:30:21,636 INFO     ___FILE_ONLY___ ═
2023-05-23 13:30:21,636 INFO     ___FILE_ONLY___ ═
2023-05-23 13:30:21,636 INFO     ___FILE_ONLY___ ═
2023-05-23 13:30:21,636 INFO     ___FILE_ONLY___ ═
2023-05-23 13:30:21,637 INFO     ___FILE_ONLY___ ═
2023-05-23 13:30:21,637 INFO     ___FILE_ONLY___ ═
2023-05-23 13:30:21,637 INFO     ___FILE_ONLY___ ═
2023-05-23 13:30:21,637 INFO     ___FILE_ONLY___ ═
2023-05-23 13:30:21,637 INFO     ___FILE_ONLY___ ═
2023-05-23 13:30:21,637 INFO     ___FILE_ONLY___ ═
2023-05-23 13:30:21,637 INFO     ___FILE_ONLY___ ═
2023-05-23 13:30:21,637 INFO     ___FILE_ONLY___ ═
2023-05-23 13:30:21,638 INFO     ___FILE_ONLY___ ═
2023-05-23 13:30:21,638 INFO     ___FILE_ONLY___ ═
2023-05-23 13:30:21,638 INFO     ___FILE_ONLY___ ═
2023-05-23 13:30:21,638 INFO     ___FILE_ONLY___ ═
2023-05-23 13:30:21,669 INFO     ___FILE_ONLY___ ═══════════════
2023-05-23 13:30:21,669 INFO     ___FILE_ONLY___ ═══════════════
2023-05-23 13:30:21,669 INFO     ___FILE_ONLY___ ╝

2023-05-23 13:30:21,677 INFO     ___FILE_ONLY___ ╔════════════════════════════════════════════════════════════╗

2023-05-23 13:30:21,677 INFO     ___FILE_ONLY___ ╠═ Installing: anthoscli                                    ═╣

2023-05-23 13:30:21,677 INFO     ___FILE_ONLY___ ╚
2023-05-23 13:30:21,679 DEBUG    urllib3.connectionpool Starting new HTTPS connection (1): dl.google.com:443
2023-05-23 13:30:21,772 DEBUG    urllib3.connectionpool https://dl.google.com:443 "GET /dl/cloudsdk/channels/rapid/components/google-cloud-sdk-anthoscli-linux-x86_64-20230417163046.tar.gz HTTP/1.1" 200 71766688
2023-05-23 13:30:22,353 INFO     ___FILE_ONLY___ ═
2023-05-23 13:30:22,356 INFO     ___FILE_ONLY___ ═
2023-05-23 13:30:22,359 INFO     ___FILE_ONLY___ ═
2023-05-23 13:30:22,362 INFO     ___FILE_ONLY___ ═
2023-05-23 13:30:22,364 INFO     ___FILE_ONLY___ ═
2023-05-23 13:30:22,367 INFO     ___FILE_ONLY___ ═
2023-05-23 13:30:22,370 INFO     ___FILE_ONLY___ ═
2023-05-23 13:30:22,373 INFO     ___FILE_ONLY___ ═
2023-05-23 13:30:22,376 INFO     ___FILE_ONLY___ ═
2023-05-23 13:30:22,379 INFO     ___FILE_ONLY___ ═
2023-05-23 13:30:22,382 INFO     ___FILE_ONLY___ ═
2023-05-23 13:30:22,384 INFO     ___FILE_ONLY___ ═
2023-05-23 13:30:22,387 INFO     ___FILE_ONLY___ ═
2023-05-23 13:30:22,390 INFO     ___FILE_ONLY___ ═
2023-05-23 13:30:22,393 INFO     ___FILE_ONLY___ ═
2023-05-23 13:30:22,396 INFO     ___FILE_ONLY___ ═
2023-05-23 13:30:22,399 INFO     ___FILE_ONLY___ ═
2023-05-23 13:30:22,401 INFO     ___FILE_ONLY___ ═
2023-05-23 13:30:22,404 INFO     ___FILE_ONLY___ ═
2023-05-23 13:30:22,407 INFO     ___FILE_ONLY___ ═
2023-05-23 13:30:22,410 INFO     ___FILE_ONLY___ ═
2023-05-23 13:30:22,413 INFO     ___FILE_ONLY___ ═
2023-05-23 13:30:22,416 INFO     ___FILE_ONLY___ ═
2023-05-23 13:30:22,420 INFO     ___FILE_ONLY___ ═
2023-05-23 13:30:22,422 INFO     ___FILE_ONLY___ ═
2023-05-23 13:30:22,425 INFO     ___FILE_ONLY___ ═
2023-05-23 13:30:22,428 INFO     ___FILE_ONLY___ ═
2023-05-23 13:30:22,431 INFO     ___FILE_ONLY___ ═
2023-05-23 13:30:22,434 INFO     ___FILE_ONLY___ ═
2023-05-23 13:30:22,437 INFO     ___FILE_ONLY___ ═
2023-05-23 13:30:24,472 INFO     ___FILE_ONLY___ ══════════
2023-05-23 13:30:24,477 INFO     ___FILE_ONLY___ ═════════
2023-05-23 13:30:24,503 INFO     ___FILE_ONLY___ ═══════════
2023-05-23 13:30:24,503 INFO     ___FILE_ONLY___ ╝

2023-05-23 13:30:24,527 INFO     ___FILE_ONLY___ ╔════════════════════════════════════════════════════════════╗

2023-05-23 13:30:24,527 INFO     ___FILE_ONLY___ ╠═ Installing: anthoscli                                    ═╣

2023-05-23 13:30:24,527 INFO     ___FILE_ONLY___ ╚
2023-05-23 13:30:24,531 INFO     ___FILE_ONLY___ ════════════════════════════════════════════════════════════
2023-05-23 13:30:24,531 INFO     ___FILE_ONLY___ ╝

2023-05-23 13:30:24,532 INFO     ___FILE_ONLY___ ╔════════════════════════════════════════════════════════════╗

2023-05-23 13:30:24,533 INFO     ___FILE_ONLY___ ╠═ Installing: gcloud cli dependencies                      ═╣

2023-05-23 13:30:24,533 INFO     ___FILE_ONLY___ ╚
2023-05-23 13:30:24,535 DEBUG    urllib3.connectionpool Starting new HTTPS connection (1): dl.google.com:443
2023-05-23 13:30:24,562 DEBUG    urllib3.connectionpool https://dl.google.com:443 "GET /dl/cloudsdk/channels/rapid/components/google-cloud-sdk-gcloud-deps-linux-x86_64-20210416153011.tar.gz HTTP/1.1" 200 104
2023-05-23 13:30:24,562 INFO     ___FILE_ONLY___ ══════════════════════════════
2023-05-23 13:30:24,563 INFO     ___FILE_ONLY___ ══════════════════════════════
2023-05-23 13:30:24,563 INFO     ___FILE_ONLY___ ╝

2023-05-23 13:30:24,570 INFO     ___FILE_ONLY___ ╔════════════════════════════════════════════════════════════╗

2023-05-23 13:30:24,570 INFO     ___FILE_ONLY___ ╠═ Creating backup and activating new installation          ═╣

2023-05-23 13:30:24,570 INFO     ___FILE_ONLY___ ╚
2023-05-23 13:30:24,570 DEBUG    root            Attempting to move directory [/tools/google-cloud-sdk] to [/tools/google-cloud-sdk.staging/.install/.backup]
2023-05-23 13:30:24,570 INFO     ___FILE_ONLY___ ══════════════════════════════
2023-05-23 13:30:24,570 DEBUG    root            Attempting to move directory [/tools/google-cloud-sdk.staging] to [/tools/google-cloud-sdk]
2023-05-23 13:30:24,570 INFO     ___FILE_ONLY___ ══════════════════════════════
2023-05-23 13:30:24,570 INFO     ___FILE_ONLY___ ╝

2023-05-23 13:30:24,574 DEBUG    root            Updating notification cache...
2023-05-23 13:30:24,574 INFO     ___FILE_ONLY___ 

2023-05-23 13:30:24,576 INFO     ___FILE_ONLY___ Performing post processing steps...
2023-05-23 13:30:24,576 DEBUG    root            Executing command: ['python3', '-S', '/tools/google-cloud-sdk/lib/gcloud.py', 'components', 'post-process']
2023-05-23 13:30:48,227 DEBUG    ___FILE_ONLY___ 
2023-05-23 13:30:48,227 DEBUG    ___FILE_ONLY___ 
2023-05-23 13:30:48,365 INFO     ___FILE_ONLY___ 
Update done!


2023-05-23 13:30:48,369 DEBUG    root            Chosen display Format:none
2023-05-23 13:30:48,369 INFO     root            Display format: "none"
