2023-05-23 13:30:48,985 DEBUG    root            Loaded Command Group: ['gcloud', 'components']
2023-05-23 13:30:48,987 DEBUG    root            Loaded Command Group: ['gcloud', 'components', 'update']
2023-05-23 13:30:48,989 DEBUG    root            Running [gcloud.components.update] with arguments: [--quiet: "True", COMPONENT-IDS:8: "['gcloud', 'core', 'bq', 'gsutil', 'compute', 'preview', 'alpha', 'beta']"]
2023-05-23 13:30:48,990 INFO     ___FILE_ONLY___ Beginning update. This process may take several minutes.

2023-05-23 13:30:48,993 DEBUG    urllib3.connectionpool Starting new HTTPS connection (1): dl.google.com:443
2023-05-23 13:30:49,080 DEBUG    urllib3.connectionpool https://dl.google.com:443 "GET /dl/cloudsdk/channels/rapid/components-2.json HTTP/1.1" 200 206157
2023-05-23 13:30:49,096 WARNING  root            Component [preview] no longer exists.
2023-05-23 13:30:49,097 WARNING  root            Component [compute] no longer exists.
2023-05-23 13:30:49,098 INFO     ___FILE_ONLY___ 

2023-05-23 13:30:49,098 INFO     ___FILE_ONLY___ 
Your current Google Cloud CLI version is: 431.0.0

2023-05-23 13:30:49,098 INFO     ___FILE_ONLY___ Installing components from version: 431.0.0

2023-05-23 13:30:49,098 INFO     ___FILE_ONLY___ 

2023-05-23 13:30:49,099 DEBUG    root            Chosen display Format:table[box,title="These components will be removed."](details.display_name:label=Name:align=left,version.version_string:label=Version:align=right,data.size.size(zero="",min=1048576):label=Size:align=right)
2023-05-23 13:30:49,099 DEBUG    root            Chosen display Format:table[box,title="These components will be updated."](details.display_name:label=Name:align=left,version.version_string:label=Version:align=right,data.size.size(zero="",min=1048576):label=Size:align=right)
2023-05-23 13:30:49,100 DEBUG    root            Chosen display Format:table[box,title="These components will be installed."](details.display_name:label=Name:align=left,version.version_string:label=Version:align=right,data.size.size(zero="",min=1048576):label=Size:align=right)
2023-05-23 13:30:49,101 INFO     ___FILE_ONLY___ ┌──────────────────────────────────────────────┐
2023-05-23 13:30:49,101 INFO     ___FILE_ONLY___ 

2023-05-23 13:30:49,101 INFO     ___FILE_ONLY___ │     These components will be installed.      │
2023-05-23 13:30:49,102 INFO     ___FILE_ONLY___ 

2023-05-23 13:30:49,102 INFO     ___FILE_ONLY___ ├───────────────────────┬────────────┬─────────┤
2023-05-23 13:30:49,102 INFO     ___FILE_ONLY___ 

2023-05-23 13:30:49,102 INFO     ___FILE_ONLY___ │          Name         │  Version   │   Size  │
2023-05-23 13:30:49,102 INFO     ___FILE_ONLY___ 

2023-05-23 13:30:49,102 INFO     ___FILE_ONLY___ ├───────────────────────┼────────────┼─────────┤
2023-05-23 13:30:49,102 INFO     ___FILE_ONLY___ 

2023-05-23 13:30:49,102 INFO     ___FILE_ONLY___ │ 
2023-05-23 13:30:49,102 INFO     ___FILE_ONLY___ gcloud Alpha Commands
2023-05-23 13:30:49,102 INFO     ___FILE_ONLY___  
2023-05-23 13:30:49,102 INFO     ___FILE_ONLY___ │ 
2023-05-23 13:30:49,102 INFO     ___FILE_ONLY___ 2023.05.12
2023-05-23 13:30:49,102 INFO     ___FILE_ONLY___  
2023-05-23 13:30:49,102 INFO     ___FILE_ONLY___ │ 
2023-05-23 13:30:49,102 INFO     ___FILE_ONLY___ < 1 MiB
2023-05-23 13:30:49,103 INFO     ___FILE_ONLY___  
2023-05-23 13:30:49,103 INFO     ___FILE_ONLY___ │
2023-05-23 13:30:49,103 INFO     ___FILE_ONLY___ 

2023-05-23 13:30:49,103 INFO     ___FILE_ONLY___ │ 
2023-05-23 13:30:49,103 INFO     ___FILE_ONLY___ gcloud Beta Commands 
2023-05-23 13:30:49,103 INFO     ___FILE_ONLY___  
2023-05-23 13:30:49,103 INFO     ___FILE_ONLY___ │ 
2023-05-23 13:30:49,103 INFO     ___FILE_ONLY___ 2023.05.12
2023-05-23 13:30:49,103 INFO     ___FILE_ONLY___  
2023-05-23 13:30:49,103 INFO     ___FILE_ONLY___ │ 
2023-05-23 13:30:49,103 INFO     ___FILE_ONLY___ < 1 MiB
2023-05-23 13:30:49,103 INFO     ___FILE_ONLY___  
2023-05-23 13:30:49,103 INFO     ___FILE_ONLY___ │
2023-05-23 13:30:49,103 INFO     ___FILE_ONLY___ 

2023-05-23 13:30:49,103 INFO     ___FILE_ONLY___ └───────────────────────┴────────────┴─────────┘
2023-05-23 13:30:49,103 INFO     ___FILE_ONLY___ 

2023-05-23 13:30:49,104 INFO     ___FILE_ONLY___ 

2023-05-23 13:30:49,105 DEBUG    urllib3.connectionpool Starting new HTTPS connection (1): dl.google.com:443
2023-05-23 13:30:49,136 DEBUG    urllib3.connectionpool https://dl.google.com:443 "GET /dl/cloudsdk/channels/rapid/RELEASE_NOTES HTTP/1.1" 200 1000331
2023-05-23 13:30:49,212 INFO     ___FILE_ONLY___ For the latest full release notes, please visit:
  https://cloud.google.com/sdk/release_notes


2023-05-23 13:30:49,215 INFO     ___FILE_ONLY___ ╔════════════════════════════════════════════════════════════╗

2023-05-23 13:30:49,215 INFO     ___FILE_ONLY___ ╠═ Creating update staging area                             ═╣

2023-05-23 13:30:49,215 INFO     ___FILE_ONLY___ ╚
2023-05-23 13:30:49,215 INFO     ___FILE_ONLY___ ══════
2023-05-23 13:30:49,817 INFO     ___FILE_ONLY___ ══════
2023-05-23 13:30:49,818 INFO     ___FILE_ONLY___ ══════
2023-05-23 13:30:50,204 INFO     ___FILE_ONLY___ ═
2023-05-23 13:30:50,263 INFO     ___FILE_ONLY___ ═
2023-05-23 13:30:50,313 INFO     ___FILE_ONLY___ ═
2023-05-23 13:30:50,378 INFO     ___FILE_ONLY___ ═
2023-05-23 13:30:50,437 INFO     ___FILE_ONLY___ ═
2023-05-23 13:30:50,494 INFO     ___FILE_ONLY___ ═
2023-05-23 13:30:50,550 INFO     ___FILE_ONLY___ ═
2023-05-23 13:30:50,603 INFO     ___FILE_ONLY___ ═
2023-05-23 13:30:50,664 INFO     ___FILE_ONLY___ ═
2023-05-23 13:30:50,845 INFO     ___FILE_ONLY___ ═
2023-05-23 13:30:50,968 INFO     ___FILE_ONLY___ ═
2023-05-23 13:30:51,012 INFO     ___FILE_ONLY___ ═
2023-05-23 13:30:51,055 INFO     ___FILE_ONLY___ ═
2023-05-23 13:30:51,131 INFO     ___FILE_ONLY___ ═
2023-05-23 13:30:51,193 INFO     ___FILE_ONLY___ ═
2023-05-23 13:30:51,275 INFO     ___FILE_ONLY___ ═
2023-05-23 13:30:51,337 INFO     ___FILE_ONLY___ ═
2023-05-23 13:30:51,385 INFO     ___FILE_ONLY___ ═
2023-05-23 13:30:51,435 INFO     ___FILE_ONLY___ ═
2023-05-23 13:30:51,497 INFO     ___FILE_ONLY___ ═
2023-05-23 13:30:51,561 INFO     ___FILE_ONLY___ ═
2023-05-23 13:30:51,628 INFO     ___FILE_ONLY___ ═
2023-05-23 13:30:51,689 INFO     ___FILE_ONLY___ ═
2023-05-23 13:30:51,826 INFO     ___FILE_ONLY___ ═
2023-05-23 13:30:52,217 INFO     ___FILE_ONLY___ ═
2023-05-23 13:30:52,267 INFO     ___FILE_ONLY___ ═
2023-05-23 13:30:52,309 INFO     ___FILE_ONLY___ ═
2023-05-23 13:30:52,348 INFO     ___FILE_ONLY___ ═
2023-05-23 13:30:52,389 INFO     ___FILE_ONLY___ ═
2023-05-23 13:30:52,428 INFO     ___FILE_ONLY___ ═
2023-05-23 13:30:52,502 INFO     ___FILE_ONLY___ ═
2023-05-23 13:30:52,603 INFO     ___FILE_ONLY___ ═
2023-05-23 13:30:52,669 INFO     ___FILE_ONLY___ ═
2023-05-23 13:30:52,743 INFO     ___FILE_ONLY___ ═
2023-05-23 13:30:52,791 INFO     ___FILE_ONLY___ ═
2023-05-23 13:30:52,849 INFO     ___FILE_ONLY___ ═
2023-05-23 13:30:52,904 INFO     ___FILE_ONLY___ ═
2023-05-23 13:30:52,957 INFO     ___FILE_ONLY___ ═
2023-05-23 13:30:53,017 INFO     ___FILE_ONLY___ ═
2023-05-23 13:30:53,075 INFO     ___FILE_ONLY___ ═
2023-05-23 13:30:53,139 INFO     ___FILE_ONLY___ ═
2023-05-23 13:30:53,197 INFO     ___FILE_ONLY___ ═
2023-05-23 13:30:53,198 INFO     ___FILE_ONLY___ ╝

2023-05-23 13:30:56,086 INFO     ___FILE_ONLY___ ╔════════════════════════════════════════════════════════════╗

2023-05-23 13:30:56,086 INFO     ___FILE_ONLY___ ╠═ Installing: gcloud Alpha Commands                        ═╣

2023-05-23 13:30:56,086 INFO     ___FILE_ONLY___ ╚
2023-05-23 13:30:56,088 DEBUG    urllib3.connectionpool Starting new HTTPS connection (1): dl.google.com:443
2023-05-23 13:30:56,117 DEBUG    urllib3.connectionpool https://dl.google.com:443 "GET /dl/cloudsdk/channels/rapid/components/google-cloud-sdk-alpha-20230512143556.tar.gz HTTP/1.1" 200 800
2023-05-23 13:30:56,117 INFO     ___FILE_ONLY___ ══════════════════════════════
2023-05-23 13:30:56,118 INFO     ___FILE_ONLY___ ══════════════════════════════
2023-05-23 13:30:56,119 INFO     ___FILE_ONLY___ ╝

2023-05-23 13:30:56,125 INFO     ___FILE_ONLY___ ╔════════════════════════════════════════════════════════════╗

2023-05-23 13:30:56,125 INFO     ___FILE_ONLY___ ╠═ Installing: gcloud Beta Commands                         ═╣

2023-05-23 13:30:56,125 INFO     ___FILE_ONLY___ ╚
2023-05-23 13:30:56,127 DEBUG    urllib3.connectionpool Starting new HTTPS connection (1): dl.google.com:443
2023-05-23 13:30:56,153 DEBUG    urllib3.connectionpool https://dl.google.com:443 "GET /dl/cloudsdk/channels/rapid/components/google-cloud-sdk-beta-20230512143556.tar.gz HTTP/1.1" 200 797
2023-05-23 13:30:56,153 INFO     ___FILE_ONLY___ ══════════════════════════════
2023-05-23 13:30:56,154 INFO     ___FILE_ONLY___ ══════════════════════════════
2023-05-23 13:30:56,154 INFO     ___FILE_ONLY___ ╝

2023-05-23 13:30:56,160 INFO     ___FILE_ONLY___ ╔════════════════════════════════════════════════════════════╗

2023-05-23 13:30:56,161 INFO     ___FILE_ONLY___ ╠═ Creating backup and activating new installation          ═╣

2023-05-23 13:30:56,161 INFO     ___FILE_ONLY___ ╚
2023-05-23 13:30:56,161 DEBUG    root            Attempting to move directory [/tools/google-cloud-sdk] to [/tools/google-cloud-sdk.staging/.install/.backup]
2023-05-23 13:30:56,161 INFO     ___FILE_ONLY___ ══════════════════════════════
2023-05-23 13:30:56,161 DEBUG    root            Attempting to move directory [/tools/google-cloud-sdk.staging] to [/tools/google-cloud-sdk]
2023-05-23 13:30:56,161 INFO     ___FILE_ONLY___ ══════════════════════════════
2023-05-23 13:30:56,161 INFO     ___FILE_ONLY___ ╝

2023-05-23 13:30:56,165 DEBUG    root            Updating notification cache...
2023-05-23 13:30:56,165 INFO     ___FILE_ONLY___ 

2023-05-23 13:30:56,167 INFO     ___FILE_ONLY___ Performing post processing steps...
2023-05-23 13:30:56,167 DEBUG    root            Executing command: ['python3', '-S', '/tools/google-cloud-sdk/lib/gcloud.py', 'components', 'post-process']
2023-05-23 13:31:20,912 DEBUG    ___FILE_ONLY___ 
2023-05-23 13:31:20,913 DEBUG    ___FILE_ONLY___ 
2023-05-23 13:31:20,955 INFO     ___FILE_ONLY___ 
Update done!


2023-05-23 13:31:20,958 DEBUG    root            Chosen display Format:none
2023-05-23 13:31:20,959 INFO     root            Display format: "none"
